{"/Users/pgutierrez/GroundGurusProjects/Cambridge/hello-vitest/src/utils/calculator.js": {"path":"/Users/pgutierrez/GroundGurusProjects/Cambridge/hello-vitest/src/utils/calculator.js","all":false,"statementMap":{"0":{"start":{"line":1,"column":0},"end":{"line":1,"column":30}},"1":{"start":{"line":2,"column":0},"end":{"line":2,"column":61}},"2":{"start":{"line":3,"column":0},"end":{"line":3,"column":1}},"3":{"start":{"line":4,"column":0},"end":{"line":4,"column":0}},"4":{"start":{"line":5,"column":0},"end":{"line":5,"column":37}},"5":{"start":{"line":6,"column":0},"end":{"line":6,"column":58}},"6":{"start":{"line":7,"column":0},"end":{"line":7,"column":1}}},"s":{"0":1,"1":4,"2":4,"3":1,"4":1,"5":2,"6":2},"branchMap":{"0":{"type":"branch","line":2,"loc":{"start":{"line":2,"column":-1},"end":{"line":3,"column":1}},"locations":[{"start":{"line":2,"column":-1},"end":{"line":3,"column":1}}]},"1":{"type":"branch","line":2,"loc":{"start":{"line":2,"column":25},"end":{"line":2,"column":58}},"locations":[{"start":{"line":2,"column":25},"end":{"line":2,"column":58}}]},"2":{"type":"branch","line":5,"loc":{"start":{"line":5,"column":8},"end":{"line":7,"column":1}},"locations":[{"start":{"line":5,"column":8},"end":{"line":7,"column":1}}]},"3":{"type":"branch","line":6,"loc":{"start":{"line":6,"column":25},"end":{"line":6,"column":58}},"locations":[{"start":{"line":6,"column":25},"end":{"line":6,"column":58}}]}},"b":{"0":[4],"1":[6],"2":[2],"3":[2]},"fnMap":{"0":{"name":"sum","decl":{"start":{"line":2,"column":-1},"end":{"line":3,"column":1}},"loc":{"start":{"line":2,"column":-1},"end":{"line":3,"column":1}},"line":2},"1":{"name":"difference","decl":{"start":{"line":5,"column":8},"end":{"line":7,"column":1}},"loc":{"start":{"line":5,"column":8},"end":{"line":7,"column":1}},"line":5}},"f":{"0":4,"1":2}}
}
